# JRE version: Java(TM) SE Runtime Environment (8.0_20-b26) (build 1.8.0_20-b26)
# Java VM: Java HotSpot(TM) 64-Bit Server VM (25.20-b23 mixed mode linux-amd64 compressed oops)
Heap:
 PSYoungGen      total 195584K, used 52439K [0x00000000eab00000, 0x00000000fc600000, 0x0000000100000000)
  eden space 124928K, 0% used [0x00000000eab00000,0x00000000eab00000,0x00000000f2500000)
  from space 70656K, 74% used [0x00000000f2500000,0x00000000f5835c48,0x00000000f6a00000)
  to   space 50176K, 0% used [0x00000000f6a00000,0x00000000f6a00000,0x00000000f9b00000)
 ParOldGen       total 117760K, used 62796K [0x00000000c0000000, 0x00000000c7300000, 0x00000000eab00000)
  object space 117760K, 53% used [0x00000000c0000000,0x00000000c3d53218,0x00000000c7300000)
 Metaspace       used 5670K, capacity 6960K, committed 7040K, reserved 1056768K
  class space    used 545K, capacity 616K, committed 640K, reserved 1048576K
GC Heap History (10 events):
Event: 3,623 GC heap after
Heap after GC invocations=7 (full 2):
 PSYoungGen      total 64000K, used 0K [0x00000000eab00000, 0x00000000f4100000, 0x0000000100000000)
  eden space 61440K, 0% used [0x00000000eab00000,0x00000000eab00000,0x00000000ee700000)
  from space 2560K, 0% used [0x00000000ee700000,0x00000000ee700000,0x00000000ee980000)
  to   space 27136K, 0% used [0x00000000f2680000,0x00000000f2680000,0x00000000f4100000)
 ParOldGen       total 62976K, used 15618K [0x00000000c0000000, 0x00000000c3d80000, 0x00000000eab00000)
  object space 62976K, 24% used [0x00000000c0000000,0x00000000c0f40898,0x00000000c3d80000)
 Metaspace       used 5507K, capacity 6832K, committed 7040K, reserved 1056768K
  class space    used 541K, capacity 616K, committed 640K, reserved 1048576K
}
Event: 4,470 GC heap before
{Heap before GC invocations=8 (full 2):
 PSYoungGen      total 64000K, used 61440K [0x00000000eab00000, 0x00000000f4100000, 0x0000000100000000)
  eden space 61440K, 100% used [0x00000000eab00000,0x00000000ee700000,0x00000000ee700000)
  from space 2560K, 0% used [0x00000000ee700000,0x00000000ee700000,0x00000000ee980000)
  to   space 27136K, 0% used [0x00000000f2680000,0x00000000f2680000,0x00000000f4100000)
 ParOldGen       total 62976K, used 15618K [0x00000000c0000000, 0x00000000c3d80000, 0x00000000eab00000)
  object space 62976K, 24% used [0x00000000c0000000,0x00000000c0f40898,0x00000000c3d80000)
 Metaspace       used 5529K, capacity 6832K, committed 7040K, reserved 1056768K
  class space    used 543K, capacity 616K, committed 640K, reserved 1048576K
Event: 4,509 GC heap after
Heap after GC invocations=8 (full 2):
 PSYoungGen      total 113664K, used 27116K [0x00000000eab00000, 0x00000000f6080000, 0x0000000100000000)
  eden space 86528K, 0% used [0x00000000eab00000,0x00000000eab00000,0x00000000eff80000)
  from space 27136K, 99% used [0x00000000f2680000,0x00000000f40fb180,0x00000000f4100000)
  to   space 39936K, 0% used [0x00000000eff80000,0x00000000eff80000,0x00000000f2680000)
 ParOldGen       total 62976K, used 28210K [0x00000000c0000000, 0x00000000c3d80000, 0x00000000eab00000)
  object space 62976K, 44% used [0x00000000c0000000,0x00000000c1b8c898,0x00000000c3d80000)
 Metaspace       used 5529K, capacity 6832K, committed 7040K, reserved 1056768K
  class space    used 543K, capacity 616K, committed 640K, reserved 1048576K
}
Event: 6,601 GC heap before
{Heap before GC invocations=9 (full 2):
 PSYoungGen      total 113664K, used 113644K [0x00000000eab00000, 0x00000000f6080000, 0x0000000100000000)
  eden space 86528K, 100% used [0x00000000eab00000,0x00000000eff80000,0x00000000eff80000)
  from space 27136K, 99% used [0x00000000f2680000,0x00000000f40fb180,0x00000000f4100000)
  to   space 39936K, 0% used [0x00000000eff80000,0x00000000eff80000,0x00000000f2680000)
 ParOldGen       total 62976K, used 28210K [0x00000000c0000000, 0x00000000c3d80000, 0x00000000eab00000)
  object space 62976K, 44% used [0x00000000c0000000,0x00000000c1b8c898,0x00000000c3d80000)
 Metaspace       used 5640K, capacity 6896K, committed 7040K, reserved 1056768K
  class space    used 544K, capacity 616K, committed 640K, reserved 1048576K
Event: 6,682 GC heap after
Heap after GC invocations=9 (full 2):
 PSYoungGen      total 126464K, used 39911K [0x00000000eab00000, 0x00000000f9b00000, 0x0000000100000000)
  eden space 86528K, 0% used [0x00000000eab00000,0x00000000eab00000,0x00000000eff80000)
  from space 39936K, 99% used [0x00000000eff80000,0x00000000f2679f88,0x00000000f2680000)
  to   space 50176K, 0% used [0x00000000f6a00000,0x00000000f6a00000,0x00000000f9b00000)
 ParOldGen       total 62976K, used 33555K [0x00000000c0000000, 0x00000000c3d80000, 0x00000000eab00000)
  object space 62976K, 53% used [0x00000000c0000000,0x00000000c20c4e20,0x00000000c3d80000)
 Metaspace       used 5640K, capacity 6896K, committed 7040K, reserved 1056768K
  class space    used 544K, capacity 616K, committed 640K, reserved 1048576K
}
Event: 6,964 GC heap before
{Heap before GC invocations=10 (full 2):
 PSYoungGen      total 126464K, used 126439K [0x00000000eab00000, 0x00000000f9b00000, 0x0000000100000000)
  eden space 86528K, 100% used [0x00000000eab00000,0x00000000eff80000,0x00000000eff80000)
  from space 39936K, 99% used [0x00000000eff80000,0x00000000f2679f88,0x00000000f2680000)
  to   space 50176K, 0% used [0x00000000f6a00000,0x00000000f6a00000,0x00000000f9b00000)
 ParOldGen       total 62976K, used 33555K [0x00000000c0000000, 0x00000000c3d80000, 0x00000000eab00000)
  object space 62976K, 53% used [0x00000000c0000000,0x00000000c20c4e20,0x00000000c3d80000)
 Metaspace       used 5640K, capacity 6896K, committed 7040K, reserved 1056768K
  class space    used 545K, capacity 616K, committed 640K, reserved 1048576K
Event: 7,042 GC heap after
Heap after GC invocations=10 (full 2):
 PSYoungGen      total 175104K, used 50171K [0x00000000eab00000, 0x00000000fc600000, 0x0000000100000000)
  eden space 124928K, 0% used [0x00000000eab00000,0x00000000eab00000,0x00000000f2500000)
  from space 50176K, 99% used [0x00000000f6a00000,0x00000000f9afed50,0x00000000f9b00000)
  to   space 70656K, 0% used [0x00000000f2500000,0x00000000f2500000,0x00000000f6a00000)
 ParOldGen       total 62976K, used 59978K [0x00000000c0000000, 0x00000000c3d80000, 0x00000000eab00000)
  object space 62976K, 95% used [0x00000000c0000000,0x00000000c3a928d0,0x00000000c3d80000)
 Metaspace       used 5640K, capacity 6896K, committed 7040K, reserved 1056768K
  class space    used 545K, capacity 616K, committed 640K, reserved 1048576K
}
Event: 7,042 GC heap before
{Heap before GC invocations=11 (full 3):
 PSYoungGen      total 175104K, used 50171K [0x00000000eab00000, 0x00000000fc600000, 0x0000000100000000)
  eden space 124928K, 0% used [0x00000000eab00000,0x00000000eab00000,0x00000000f2500000)
  from space 50176K, 99% used [0x00000000f6a00000,0x00000000f9afed50,0x00000000f9b00000)
  to   space 70656K, 0% used [0x00000000f2500000,0x00000000f2500000,0x00000000f6a00000)
 ParOldGen       total 62976K, used 59978K [0x00000000c0000000, 0x00000000c3d80000, 0x00000000eab00000)
  object space 62976K, 95% used [0x00000000c0000000,0x00000000c3a928d0,0x00000000c3d80000)
 Metaspace       used 5640K, capacity 6896K, committed 7040K, reserved 1056768K
  class space    used 545K, capacity 616K, committed 640K, reserved 1048576K
Event: 7,291 GC heap after
Heap after GC invocations=11 (full 3):
 PSYoungGen      total 175104K, used 1499K [0x00000000eab00000, 0x00000000fc600000, 0x0000000100000000)
  eden space 124928K, 0% used [0x00000000eab00000,0x00000000eab00000,0x00000000f2500000)
  from space 50176K, 2% used [0x00000000f6a00000,0x00000000f6b76e08,0x00000000f9b00000)
  to   space 70656K, 0% used [0x00000000f2500000,0x00000000f2500000,0x00000000f6a00000)
 ParOldGen       total 117760K, used 62788K [0x00000000c0000000, 0x00000000c7300000, 0x00000000eab00000)
  object space 117760K, 53% used [0x00000000c0000000,0x00000000c3d51218,0x00000000c7300000)
 Metaspace       used 5640K, capacity 6896K, committed 7040K, reserved 1056768K
  class space    used 545K, capacity 616K, committed 640K, reserved 1048576K
}
Event: 9,674 GC heap before
{Heap before GC invocations=12 (full 3):
 PSYoungGen      total 175104K, used 126427K [0x00000000eab00000, 0x00000000fc600000, 0x0000000100000000)
  eden space 124928K, 100% used [0x00000000eab00000,0x00000000f2500000,0x00000000f2500000)
  from space 50176K, 2% used [0x00000000f6a00000,0x00000000f6b76e08,0x00000000f9b00000)
  to   space 70656K, 0% used [0x00000000f2500000,0x00000000f2500000,0x00000000f6a00000)
 ParOldGen       total 117760K, used 62788K [0x00000000c0000000, 0x00000000c7300000, 0x00000000eab00000)
  object space 117760K, 53% used [0x00000000c0000000,0x00000000c3d51218,0x00000000c7300000)
 Metaspace       used 5670K, capacity 6960K, committed 7040K, reserved 1056768K
  class space    used 545K, capacity 616K, committed 640K, reserved 1048576K

